2025-05-28 09:52:53.935 | INFO     | utils_logger:<module>:38 - Logging to file: logs\project_log.log
2025-05-28 09:52:53.936 | INFO     | __main__:<module>:45 - Starting Progress Atlas chart generation
2025-05-28 09:52:53.936 | INFO     | __main__:load_life_expectancy_data:8 - Loading data from data/raw/API_SP.DYN.LE00.IN_DS2_en_csv_v2_369933.csv
2025-05-28 09:52:53.941 | INFO     | __main__:load_life_expectancy_data:11 - Cleaning and transforming data
2025-05-28 09:52:53.943 | SUCCESS  | __main__:load_life_expectancy_data:21 - Data loaded and prepared
2025-05-28 09:52:53.943 | INFO     | __main__:make_chart:25 - Generating bar chart race: Top 10 Countries by Life Expectancy (1960–2022)
2025-05-28 10:14:39.727 | INFO     | utils_logger:<module>:38 - Logging to file: logs\project_log.log
2025-05-28 10:14:39.727 | INFO     | __main__:<module>:45 - Starting Progress Atlas chart generation
2025-05-28 10:14:39.728 | INFO     | __main__:load_life_expectancy_data:8 - Loading data from data/raw/API_SP.DYN.LE00.IN_DS2_en_csv_v2_369933.csv
2025-05-28 10:14:39.744 | INFO     | __main__:load_life_expectancy_data:11 - Cleaning and transforming data
2025-05-28 10:14:39.745 | SUCCESS  | __main__:load_life_expectancy_data:21 - Data loaded and prepared
2025-05-28 10:14:39.746 | INFO     | __main__:make_chart:25 - Generating bar chart race: Top 10 Countries by Life Expectancy (1960–2022)
2025-05-28 10:15:14.389 | INFO     | __main__:<module>:48 - All done.
2025-05-28 10:16:16.195 | INFO     | utils_logger:<module>:38 - Logging to file: logs\project_log.log
2025-05-28 10:16:16.195 | INFO     | __main__:<module>:46 - Starting Progress Atlas chart generation
2025-05-28 10:16:16.195 | INFO     | __main__:load_life_expectancy_data:8 - Loading data from data/raw/API_SP.DYN.LE00.IN_DS2_en_csv_v2_369933.csv
2025-05-28 10:16:16.200 | INFO     | __main__:load_life_expectancy_data:11 - Cleaning and transforming data
2025-05-28 10:16:16.202 | SUCCESS  | __main__:load_life_expectancy_data:21 - Data loaded and prepared
2025-05-28 10:16:16.202 | INFO     | __main__:make_chart:25 - Generating bar chart race: Top 10 Countries by Life Expectancy (1960–2022)
2025-05-28 10:16:50.443 | INFO     | __main__:<module>:49 - All done.
2025-05-28 10:29:47.219 | INFO     | utils_logger:<module>:38 - Logging to file: logs\project_log.log
2025-05-28 10:29:47.219 | INFO     | __main__:<module>:58 - Starting Progress Atlas chart generation
2025-05-28 10:29:47.219 | INFO     | __main__:load_life_expectancy_data:8 - Loading data from data/raw/API_SP.DYN.LE00.IN_DS2_en_csv_v2_369933.csv
2025-05-28 10:29:47.225 | INFO     | __main__:load_life_expectancy_data:11 - Cleaning and transforming data
2025-05-28 10:29:47.228 | SUCCESS  | __main__:load_life_expectancy_data:21 - Data loaded and prepared
2025-05-28 10:29:47.228 | INFO     | __main__:make_chart:27 - Generating bar chart race: Top 10 Countries by Life Expectancy (1960–2022)
2025-05-28 10:30:06.825 | INFO     | utils_logger:<module>:38 - Logging to file: logs\project_log.log
2025-05-28 10:30:06.826 | INFO     | __main__:<module>:58 - Starting Progress Atlas chart generation
2025-05-28 10:30:06.826 | INFO     | __main__:load_life_expectancy_data:8 - Loading data from data/raw/API_SP.DYN.LE00.IN_DS2_en_csv_v2_369933.csv
2025-05-28 10:30:06.831 | INFO     | __main__:load_life_expectancy_data:11 - Cleaning and transforming data
2025-05-28 10:30:06.832 | SUCCESS  | __main__:load_life_expectancy_data:21 - Data loaded and prepared
2025-05-28 10:30:06.832 | INFO     | __main__:make_chart:27 - Generating bar chart race: Top 10 Countries by Life Expectancy (1960–2022)
2025-05-28 10:30:43.273 | INFO     | utils_logger:<module>:38 - Logging to file: logs\project_log.log
2025-05-28 10:30:43.274 | INFO     | __main__:<module>:58 - Starting Progress Atlas chart generation
2025-05-28 10:30:43.274 | INFO     | __main__:load_life_expectancy_data:8 - Loading data from data/raw/API_SP.DYN.LE00.IN_DS2_en_csv_v2_369933.csv
2025-05-28 10:30:43.278 | INFO     | __main__:load_life_expectancy_data:11 - Cleaning and transforming data
2025-05-28 10:30:43.280 | SUCCESS  | __main__:load_life_expectancy_data:21 - Data loaded and prepared
2025-05-28 10:30:43.280 | INFO     | __main__:make_chart:27 - Generating bar chart race: Top 10 Countries by Life Expectancy (1960–2022)
2025-05-28 10:34:11.468 | INFO     | utils_logger:<module>:38 - Logging to file: logs\project_log.log
2025-05-28 10:34:11.468 | INFO     | __main__:<module>:57 - Starting Progress Atlas chart generation
2025-05-28 10:34:11.468 | INFO     | __main__:load_life_expectancy_data:8 - Loading data from data/raw/API_SP.DYN.LE00.IN_DS2_en_csv_v2_369933.csv
2025-05-28 10:34:11.472 | INFO     | __main__:load_life_expectancy_data:11 - Cleaning and transforming data
2025-05-28 10:34:11.474 | SUCCESS  | __main__:load_life_expectancy_data:21 - Data loaded and prepared
2025-05-28 10:34:11.474 | INFO     | __main__:make_chart:27 - Generating bar chart race: Top 10 Countries by Life Expectancy (1960–2022)
2025-05-28 10:35:33.584 | INFO     | utils_logger:<module>:38 - Logging to file: logs\project_log.log
2025-05-28 10:35:33.584 | INFO     | __main__:<module>:48 - Starting Progress Atlas chart generation
2025-05-28 10:35:33.584 | INFO     | __main__:load_life_expectancy_data:8 - Loading data from data/raw/API_SP.DYN.LE00.IN_DS2_en_csv_v2_369933.csv
2025-05-28 10:35:33.590 | INFO     | __main__:load_life_expectancy_data:11 - Cleaning and transforming data
2025-05-28 10:35:33.592 | SUCCESS  | __main__:load_life_expectancy_data:21 - Data loaded and prepared
2025-05-28 10:35:33.592 | INFO     | __main__:make_chart:27 - Generating bar chart race: Top 10 Countries by Life Expectancy (1960–2022)
2025-05-28 10:36:31.626 | INFO     | utils_logger:<module>:38 - Logging to file: logs\project_log.log
2025-05-28 10:36:31.626 | INFO     | __main__:<module>:49 - Starting Progress Atlas chart generation
2025-05-28 10:36:31.626 | INFO     | __main__:load_life_expectancy_data:9 - Loading data from data/raw/API_SP.DYN.LE00.IN_DS2_en_csv_v2_369933.csv
2025-05-28 10:36:31.631 | INFO     | __main__:load_life_expectancy_data:12 - Cleaning and transforming data
2025-05-28 10:36:31.633 | SUCCESS  | __main__:load_life_expectancy_data:22 - Data loaded and prepared
2025-05-28 10:36:31.633 | INFO     | __main__:make_chart:27 - Generating bar chart race: Top 10 Countries by Life Expectancy (1960–2022)
2025-05-28 10:36:42.982 | INFO     | utils_logger:<module>:38 - Logging to file: logs\project_log.log
2025-05-28 10:36:42.982 | INFO     | __main__:<module>:49 - Starting Progress Atlas chart generation
2025-05-28 10:36:42.982 | INFO     | __main__:load_life_expectancy_data:9 - Loading data from data/raw/API_SP.DYN.LE00.IN_DS2_en_csv_v2_369933.csv
2025-05-28 10:36:42.987 | INFO     | __main__:load_life_expectancy_data:12 - Cleaning and transforming data
2025-05-28 10:36:42.989 | SUCCESS  | __main__:load_life_expectancy_data:22 - Data loaded and prepared
2025-05-28 10:36:42.990 | INFO     | __main__:make_chart:27 - Generating bar chart race: Top 10 Countries by Life Expectancy (1960–2022)
2025-05-28 10:40:42.274 | INFO     | utils_logger:<module>:38 - Logging to file: logs\project_log.log
2025-05-28 10:40:42.274 | INFO     | __main__:<module>:50 - Starting Progress Atlas chart generation
2025-05-28 10:40:42.274 | INFO     | __main__:load_life_expectancy_data:9 - Loading data from data/raw/API_SP.DYN.LE00.IN_DS2_en_csv_v2_369933.csv
2025-05-28 10:40:42.279 | INFO     | __main__:load_life_expectancy_data:12 - Cleaning and transforming data
2025-05-28 10:40:42.281 | SUCCESS  | __main__:load_life_expectancy_data:22 - Data loaded and prepared
2025-05-28 10:40:42.281 | INFO     | __main__:make_chart:27 - Generating bar chart race: Top 10 Countries by Life Expectancy (1960–2022)
2025-05-28 10:41:08.412 | INFO     | utils_logger:<module>:38 - Logging to file: logs\project_log.log
2025-05-28 10:41:08.412 | INFO     | __main__:<module>:51 - Starting Progress Atlas chart generation
2025-05-28 10:41:08.412 | INFO     | __main__:load_life_expectancy_data:9 - Loading data from data/raw/API_SP.DYN.LE00.IN_DS2_en_csv_v2_369933.csv
2025-05-28 10:41:08.417 | INFO     | __main__:load_life_expectancy_data:12 - Cleaning and transforming data
2025-05-28 10:41:08.420 | SUCCESS  | __main__:load_life_expectancy_data:22 - Data loaded and prepared
2025-05-28 10:41:08.420 | INFO     | __main__:make_chart:27 - Generating bar chart race: Top 10 Countries by Life Expectancy (1960–2022)
2025-05-28 10:41:16.172 | INFO     | utils_logger:<module>:38 - Logging to file: logs\project_log.log
2025-05-28 10:41:16.172 | INFO     | __main__:<module>:50 - Starting Progress Atlas chart generation
2025-05-28 10:41:16.172 | INFO     | __main__:load_life_expectancy_data:9 - Loading data from data/raw/API_SP.DYN.LE00.IN_DS2_en_csv_v2_369933.csv
2025-05-28 10:41:16.177 | INFO     | __main__:load_life_expectancy_data:12 - Cleaning and transforming data
2025-05-28 10:41:16.178 | SUCCESS  | __main__:load_life_expectancy_data:22 - Data loaded and prepared
2025-05-28 10:41:16.178 | INFO     | __main__:make_chart:27 - Generating bar chart race: Top 10 Countries by Life Expectancy (1960–2022)
2025-05-28 10:41:56.581 | INFO     | utils_logger:<module>:38 - Logging to file: logs\project_log.log
2025-05-28 10:41:56.581 | INFO     | __main__:<module>:49 - Starting Progress Atlas chart generation
2025-05-28 10:41:56.581 | INFO     | __main__:load_life_expectancy_data:9 - Loading data from data/raw/API_SP.DYN.LE00.IN_DS2_en_csv_v2_369933.csv
2025-05-28 10:41:56.586 | INFO     | __main__:load_life_expectancy_data:12 - Cleaning and transforming data
2025-05-28 10:41:56.588 | SUCCESS  | __main__:load_life_expectancy_data:22 - Data loaded and prepared
2025-05-28 10:41:56.588 | INFO     | __main__:make_chart:27 - Generating bar chart race: Top 10 Countries by Life Expectancy (1960–2022)
2025-05-28 10:42:26.092 | INFO     | utils_logger:<module>:38 - Logging to file: logs\project_log.log
2025-05-28 10:42:26.093 | INFO     | __main__:<module>:49 - Starting Progress Atlas chart generation
2025-05-28 10:42:26.093 | INFO     | __main__:load_life_expectancy_data:9 - Loading data from data/raw/API_SP.DYN.LE00.IN_DS2_en_csv_v2_369933.csv
2025-05-28 10:42:26.098 | INFO     | __main__:load_life_expectancy_data:12 - Cleaning and transforming data
2025-05-28 10:42:26.099 | SUCCESS  | __main__:load_life_expectancy_data:22 - Data loaded and prepared
2025-05-28 10:42:26.099 | INFO     | __main__:make_chart:27 - Generating bar chart race: Top 10 Countries by Life Expectancy (1960–2022)
2025-05-28 10:43:00.215 | INFO     | __main__:<module>:52 - All done.
2025-05-28 10:43:50.727 | INFO     | utils_logger:<module>:38 - Logging to file: logs\project_log.log
2025-05-28 10:43:50.728 | INFO     | __main__:<module>:51 - Starting Progress Atlas chart generation
2025-05-28 10:43:50.728 | INFO     | __main__:load_life_expectancy_data:9 - Loading data from data/raw/API_SP.DYN.LE00.IN_DS2_en_csv_v2_369933.csv
2025-05-28 10:43:50.734 | INFO     | __main__:load_life_expectancy_data:12 - Cleaning and transforming data
2025-05-28 10:43:50.735 | SUCCESS  | __main__:load_life_expectancy_data:22 - Data loaded and prepared
2025-05-28 10:43:50.735 | INFO     | __main__:make_chart:27 - Generating bar chart race: Top 10 Countries by Life Expectancy (1960–2022)
2025-05-28 10:44:40.109 | INFO     | __main__:<module>:54 - All done.
2025-05-28 10:50:29.572 | INFO     | utils_logger:<module>:38 - Logging to file: logs\project_log.log
2025-05-28 10:50:29.573 | INFO     | __main__:<module>:62 - Starting Progress Atlas chart generation
2025-05-28 10:50:29.573 | INFO     | __main__:load_life_expectancy_data:10 - Loading data from data/raw/API_SP.DYN.LE00.IN_DS2_en_csv_v2_369933.csv
2025-05-28 10:50:29.578 | INFO     | __main__:load_life_expectancy_data:13 - Cleaning and transforming data
2025-05-28 10:50:29.580 | SUCCESS  | __main__:load_life_expectancy_data:25 - Data loaded and prepared
2025-05-28 10:50:29.580 | INFO     | __main__:make_chart:30 - Preparing to save chart to: charts/life_expectancy.mp4
2025-05-28 10:50:29.581 | INFO     | __main__:make_chart:34 - Deleted existing file: charts/life_expectancy.mp4
2025-05-28 10:50:29.581 | INFO     | __main__:make_chart:38 - Generating bar chart race: Top 20 Countries by Life Expectancy (1960–2022)
2025-05-28 10:51:18.448 | INFO     | __main__:<module>:65 - All done.
2025-05-28 10:52:59.821 | INFO     | utils_logger:<module>:38 - Logging to file: logs\project_log.log
2025-05-28 10:52:59.821 | INFO     | __main__:<module>:61 - Starting Progress Atlas chart generation
2025-05-28 10:52:59.821 | INFO     | __main__:load_life_expectancy_data:10 - Loading data from data/raw/API_SP.DYN.LE00.IN_DS2_en_csv_v2_369933.csv
2025-05-28 10:52:59.827 | INFO     | __main__:load_life_expectancy_data:13 - Cleaning and transforming data
2025-05-28 10:52:59.828 | SUCCESS  | __main__:load_life_expectancy_data:25 - Data loaded and prepared
2025-05-28 10:52:59.829 | INFO     | __main__:make_chart:30 - Preparing to save chart to: charts/life_expectancy.mp4
2025-05-28 10:52:59.830 | INFO     | __main__:make_chart:34 - Deleted existing file: charts/life_expectancy.mp4
2025-05-28 10:52:59.830 | INFO     | __main__:make_chart:38 - Generating bar chart race: Top 20 Countries by Life Expectancy (1960–2022)
2025-05-28 10:53:16.848 | INFO     | utils_logger:<module>:38 - Logging to file: logs\project_log.log
2025-05-28 10:53:16.848 | INFO     | __main__:<module>:61 - Starting Progress Atlas chart generation
2025-05-28 10:53:16.848 | INFO     | __main__:load_life_expectancy_data:10 - Loading data from data/raw/API_SP.DYN.LE00.IN_DS2_en_csv_v2_369933.csv
2025-05-28 10:53:16.853 | INFO     | __main__:load_life_expectancy_data:13 - Cleaning and transforming data
2025-05-28 10:53:16.855 | SUCCESS  | __main__:load_life_expectancy_data:25 - Data loaded and prepared
2025-05-28 10:53:16.855 | INFO     | __main__:make_chart:30 - Preparing to save chart to: charts/life_expectancy.mp4
2025-05-28 10:53:16.855 | INFO     | __main__:make_chart:34 - Deleted existing file: charts/life_expectancy.mp4
2025-05-28 10:53:16.856 | INFO     | __main__:make_chart:38 - Generating bar chart race: Top 30 Countries by Life Expectancy (1960–2022)
2025-05-28 10:54:23.481 | INFO     | __main__:<module>:64 - All done.
2025-05-28 10:58:04.471 | INFO     | utils_logger:<module>:38 - Logging to file: logs\project_log.log
2025-05-28 10:58:04.471 | INFO     | __main__:<module>:68 - Starting Progress Atlas chart generation
2025-05-28 10:58:04.471 | INFO     | __main__:load_life_expectancy_data:10 - Loading data from data/raw/API_SP.DYN.LE00.IN_DS2_en_csv_v2_369933.csv
2025-05-28 10:58:04.476 | INFO     | __main__:load_life_expectancy_data:13 - Cleaning and transforming data
2025-05-28 10:58:04.479 | SUCCESS  | __main__:load_life_expectancy_data:25 - Data loaded and prepared
2025-05-28 10:58:04.479 | INFO     | __main__:make_chart:30 - Preparing to save chart to: charts/life_expectancy.mp4
2025-05-28 10:58:04.480 | INFO     | __main__:make_chart:34 - Deleted existing file: charts/life_expectancy.mp4
2025-05-28 10:58:04.480 | INFO     | __main__:make_chart:38 - Generating bar chart race: Top 30 Countries by Life Expectancy (1960–2022)
2025-05-28 10:59:12.161 | INFO     | __main__:<module>:71 - All done.
2025-05-28 11:05:20.498 | INFO     | utils_logger:<module>:38 - Logging to file: logs\project_log.log
2025-05-28 11:05:20.498 | INFO     | __main__:<module>:65 - Starting Progress Atlas chart generation
2025-05-28 11:05:20.498 | INFO     | __main__:load_life_expectancy_data:10 - Loading data from data/raw/API_SP.DYN.LE00.IN_DS2_en_csv_v2_369933.csv
2025-05-28 11:05:20.503 | INFO     | __main__:load_life_expectancy_data:13 - Cleaning and transforming data
2025-05-28 11:05:20.506 | SUCCESS  | __main__:load_life_expectancy_data:25 - Data loaded and prepared
2025-05-28 11:05:20.506 | INFO     | __main__:make_chart:30 - Preparing to save chart to: charts/life_expectancy.mp4
2025-05-28 11:05:20.507 | INFO     | __main__:make_chart:34 - Deleted existing file: charts/life_expectancy.mp4
2025-05-28 11:05:20.507 | INFO     | __main__:make_chart:38 - Generating bar chart race: Top 30 Countries by Life Expectancy (1960–2022)
2025-05-28 11:07:01.744 | SUCCESS  | __main__:<module>:73 - All done. See charts/life_expectancy.mp4 for the chart.
2025-05-28 11:08:32.479 | INFO     | utils_logger:<module>:38 - Logging to file: logs\project_log.log
2025-05-28 11:08:32.479 | INFO     | __main__:<module>:65 - Starting Progress Atlas chart generation
2025-05-28 11:08:32.479 | INFO     | __main__:load_life_expectancy_data:10 - Loading data from data/raw/API_SP.DYN.LE00.IN_DS2_en_csv_v2_369933.csv
2025-05-28 11:08:32.485 | INFO     | __main__:load_life_expectancy_data:13 - Cleaning and transforming data
2025-05-28 11:08:32.487 | SUCCESS  | __main__:load_life_expectancy_data:25 - Data loaded and prepared
2025-05-28 11:08:32.488 | INFO     | __main__:make_chart:30 - Preparing to save chart to: charts/life_expectancy.mp4
2025-05-28 11:08:32.489 | INFO     | __main__:make_chart:34 - Deleted existing file: charts/life_expectancy.mp4
2025-05-28 11:08:32.489 | INFO     | __main__:make_chart:38 - Generating bar chart race: Top 30: Life Expectancy at Birth (1960–2022)
2025-05-28 11:10:13.647 | SUCCESS  | __main__:<module>:73 - All done. See charts/life_expectancy.mp4 for the chart.
